Start testing: Sep 07 11:23 Russia TZ 2 Standard Time
----------------------------------------------------------
1/1 Testing: se_equivalence
1/1 Test: se_equivalence
Command: "D:/projects/aiagent/synth_life/cpp/build/Release/se_equivalence.exe" "D:/projects/aiagent/synth_life/cpp/fixtures/oracle_v051.txt"
Directory: D:/projects/aiagent/synth_life/cpp/build
"se_equivalence" start time: Sep 07 11:23 Russia TZ 2 Standard Time
Output:
----------------------------------------------------------
python fixture equivalence passed
<end of output>
Test time =   0.01 sec
----------------------------------------------------------
Test Passed.
"se_equivalence" end time: Sep 07 11:23 Russia TZ 2 Standard Time
"se_equivalence" time elapsed: 00:00:00
----------------------------------------------------------

End testing: Sep 07 11:23 Russia TZ 2 Standard Time
